2024-12-15 04:02:40,692 - INFO - Starting FlightPipeline...
2024-12-15 04:02:40,693 - INFO - Initializing FlightPipeline...
2024-12-15 04:02:45,031 - INFO - Starting data extraction...
2024-12-15 04:02:45,031 - INFO - Extracting flight data...
2024-12-15 04:02:46,990 - INFO - Cleaning flight data...
2024-12-15 04:02:47,094 - INFO - Flight data extracted and cleaned.
2024-12-15 04:02:47,094 - INFO - Extracting airport data...
2024-12-15 04:02:47,431 - INFO - Airport data extracted.
2024-12-15 04:02:47,431 - INFO - Extracting airline data...
2024-12-15 04:02:47,536 - INFO - Airline data extracted.
2024-12-15 04:02:47,536 - INFO - Extracting zone data...
2024-12-15 04:02:47,647 - INFO - Zone data extracted.
2024-12-15 04:02:47,650 - INFO - Starting data saving process...
2024-12-15 04:02:47,650 - INFO - Saving flights data...
2024-12-15 04:02:47,650 - INFO - Saving results to ./data/ingested_data\flights\tech_year=2024\tech_month=12\tech_day=15\tech_hour=04...
2024-12-15 04:02:55,636 - INFO - Data successfully saved to ./data/ingested_data\flights\tech_year=2024\tech_month=12\tech_day=15\tech_hour=04.
2024-12-15 04:02:55,637 - INFO - Saving airports data...
2024-12-15 04:02:55,637 - INFO - Saving results to ./data/ingested_data\airports\tech_year=2024\tech_month=12\tech_day=15\tech_hour=04...
2024-12-15 04:03:02,502 - INFO - Data successfully saved to ./data/ingested_data\airports\tech_year=2024\tech_month=12\tech_day=15\tech_hour=04.
2024-12-15 04:03:02,502 - INFO - Saving airlines data...
2024-12-15 04:03:02,503 - INFO - Saving results to ./data/ingested_data\airlines\tech_year=2024\tech_month=12\tech_day=15\tech_hour=04...
2024-12-15 04:03:08,906 - INFO - Data successfully saved to ./data/ingested_data\airlines\tech_year=2024\tech_month=12\tech_day=15\tech_hour=04.
2024-12-15 04:03:08,906 - INFO - Saving zones data...
2024-12-15 04:03:08,907 - INFO - Saving results to ./data/ingested_data\zones\tech_year=2024\tech_month=12\tech_day=15\tech_hour=04...
2024-12-15 04:03:15,190 - INFO - Data successfully saved to ./data/ingested_data\zones\tech_year=2024\tech_month=12\tech_day=15\tech_hour=04.
2024-12-15 04:03:15,190 - INFO - All data successfully saved.
2024-12-15 04:03:15,190 - INFO - FlightPipeline completed successfully.
2024-12-15 04:03:15,204 - INFO - Closing down clientserver connection
